c:\dev\log4cpp\log4cpp\orocos-log4cpp.dir\debug\vc142.pdb
c:\dev\log4cpp\log4cpp\orocos-log4cpp.dir\debug\syslogappender.obj
c:\dev\log4cpp\log4cpp\orocos-log4cpp.dir\debug\stringqueueappender.obj
c:\dev\log4cpp\log4cpp\orocos-log4cpp.dir\debug\ostreamappender.obj
c:\dev\log4cpp\log4cpp\orocos-log4cpp.dir\debug\idsaappender.obj
c:\dev\log4cpp\log4cpp\orocos-log4cpp.dir\debug\fixedcontextcategory.obj
c:\dev\log4cpp\log4cpp\orocos-log4cpp.dir\debug\generationalfileappender.obj
c:\dev\log4cpp\log4cpp\orocos-log4cpp.dir\debug\rollingfileappender.obj
c:\dev\log4cpp\log4cpp\orocos-log4cpp.dir\debug\dailyrollingfileappender.obj
c:\dev\log4cpp\log4cpp\orocos-log4cpp.dir\debug\fileappender.obj
c:\dev\log4cpp\log4cpp\orocos-log4cpp.dir\debug\layoutappender.obj
c:\dev\log4cpp\log4cpp\orocos-log4cpp.dir\debug\triggeringeventevaluatorfactory.obj
c:\dev\log4cpp\log4cpp\orocos-log4cpp.dir\debug\passthroughlayout.obj
c:\dev\log4cpp\log4cpp\orocos-log4cpp.dir\debug\localtime.obj
c:\dev\log4cpp\log4cpp\orocos-log4cpp.dir\debug\levelevaluator.obj
c:\dev\log4cpp\log4cpp\orocos-log4cpp.dir\debug\layoutsfactory.obj
c:\dev\log4cpp\log4cpp\orocos-log4cpp.dir\debug\factoryparams.obj
c:\dev\log4cpp\log4cpp\orocos-log4cpp.dir\debug\bufferingappender.obj
c:\dev\log4cpp\log4cpp\orocos-log4cpp.dir\debug\appendersfactory.obj
c:\dev\log4cpp\log4cpp\orocos-log4cpp.dir\debug\appenderskeleton.obj
c:\dev\log4cpp\log4cpp\orocos-log4cpp.dir\debug\appender.obj
c:\dev\log4cpp\log4cpp\orocos-log4cpp.dir\debug\win32debugappender.obj
c:\dev\log4cpp\log4cpp\orocos-log4cpp.dir\debug\properties.obj
c:\dev\log4cpp\log4cpp\orocos-log4cpp.dir\debug\stringutil.obj
c:\dev\log4cpp\log4cpp\orocos-log4cpp.dir\debug\timestamp.obj
c:\dev\log4cpp\log4cpp\orocos-log4cpp.dir\debug\filter.obj
c:\dev\log4cpp\log4cpp\orocos-log4cpp.dir\debug\ndc.obj
c:\dev\log4cpp\log4cpp\orocos-log4cpp.dir\debug\priority.obj
c:\dev\log4cpp\log4cpp\orocos-log4cpp.dir\debug\loggingevent.obj
c:\dev\log4cpp\log4cpp\orocos-log4cpp.dir\debug\propertyconfiguratorimpl.obj
c:\dev\log4cpp\log4cpp\orocos-log4cpp.dir\debug\propertyconfigurator.obj
c:\dev\log4cpp\log4cpp\orocos-log4cpp.dir\debug\simpleconfigurator.obj
c:\dev\log4cpp\log4cpp\orocos-log4cpp.dir\debug\basicconfigurator.obj
c:\dev\log4cpp\log4cpp\orocos-log4cpp.dir\debug\configurator.obj
c:\dev\log4cpp\log4cpp\orocos-log4cpp.dir\debug\hierarchymaintainer.obj
c:\dev\log4cpp\log4cpp\orocos-log4cpp.dir\debug\categorystream.obj
c:\dev\log4cpp\log4cpp\orocos-log4cpp.dir\debug\category.obj
c:\dev\log4cpp\log4cpp\orocos-log4cpp.dir\debug\patternlayout.obj
c:\dev\log4cpp\log4cpp\orocos-log4cpp.dir\debug\basiclayout.obj
c:\dev\log4cpp\log4cpp\orocos-log4cpp.dir\debug\simplelayout.obj
c:\dev\log4cpp\log4cpp\orocos-log4cpp.dir\debug\remotesyslogappender.obj
c:\dev\log4cpp\log4cpp\orocos-log4cpp.dir\debug\abortappender.obj
c:\dev\log4cpp\log4cpp\orocos-log4cpp.dir\debug\portabilityimpl.obj
c:\dev\log4cpp\log4cpp\orocos-log4cpp.dir\debug\pthreads.obj
c:\dev\log4cpp\log4cpp\orocos-log4cpp.dir\debug\omnithreads.obj
c:\dev\log4cpp\log4cpp\orocos-log4cpp.dir\debug\msthreads.obj
c:\dev\log4cpp\log4cpp\orocos-log4cpp.dir\debug\dummythreads.obj
c:\dev\log4cpp\log4cpp\orocos-log4cpp.dir\debug\dllmain.obj
c:\dev\log4cpp\log4cpp\orocos-log4cpp.dir\debug\nteventlogappender.obj
c:\dev\log4cpp\log4cpp\cmakefiles\generate.stamp
c:\dev\log4cpp\log4cpp\orocos-log4cpp.dir\debug\orocos-log4cppd.ilk
c:\dev\log4cpp\log4cpp\debug\orocos-log4cppd.dll
c:\dev\log4cpp\log4cpp\debug\orocos-log4cppd.pdb
c:\dev\log4cpp\log4cpp\debug\orocos-log4cppd.lib
c:\dev\log4cpp\log4cpp\debug\orocos-log4cppd.exp
c:\dev\log4cpp\log4cpp\orocos-log4cpp.dir\debug\orocos-log4cpp.tlog\cl.command.1.tlog
c:\dev\log4cpp\log4cpp\orocos-log4cpp.dir\debug\orocos-log4cpp.tlog\cl.read.1.tlog
c:\dev\log4cpp\log4cpp\orocos-log4cpp.dir\debug\orocos-log4cpp.tlog\cl.write.1.tlog
c:\dev\log4cpp\log4cpp\orocos-log4cpp.dir\debug\orocos-log4cpp.tlog\custombuild.command.1.tlog
c:\dev\log4cpp\log4cpp\orocos-log4cpp.dir\debug\orocos-log4cpp.tlog\custombuild.read.1.tlog
c:\dev\log4cpp\log4cpp\orocos-log4cpp.dir\debug\orocos-log4cpp.tlog\custombuild.write.1.tlog
c:\dev\log4cpp\log4cpp\orocos-log4cpp.dir\debug\orocos-log4cpp.tlog\link.command.1.tlog
c:\dev\log4cpp\log4cpp\orocos-log4cpp.dir\debug\orocos-log4cpp.tlog\link.read.1.tlog
c:\dev\log4cpp\log4cpp\orocos-log4cpp.dir\debug\orocos-log4cpp.tlog\link.write.1.tlog
c:\dev\log4cpp\log4cpp\orocos-log4cpp.dir\debug\orocos-log4cpp.tlog\orocos-log4cpp.write.1u.tlog
