c:\dev\log4cpp\log4cpp\orocos-log4cpp.dir\relwithdebinfo\vc142.pdb
c:\dev\log4cpp\log4cpp\orocos-log4cpp.dir\relwithdebinfo\syslogappender.obj
c:\dev\log4cpp\log4cpp\orocos-log4cpp.dir\relwithdebinfo\stringqueueappender.obj
c:\dev\log4cpp\log4cpp\orocos-log4cpp.dir\relwithdebinfo\ostreamappender.obj
c:\dev\log4cpp\log4cpp\orocos-log4cpp.dir\relwithdebinfo\idsaappender.obj
c:\dev\log4cpp\log4cpp\orocos-log4cpp.dir\relwithdebinfo\fixedcontextcategory.obj
c:\dev\log4cpp\log4cpp\orocos-log4cpp.dir\relwithdebinfo\generationalfileappender.obj
c:\dev\log4cpp\log4cpp\orocos-log4cpp.dir\relwithdebinfo\rollingfileappender.obj
c:\dev\log4cpp\log4cpp\orocos-log4cpp.dir\relwithdebinfo\dailyrollingfileappender.obj
c:\dev\log4cpp\log4cpp\orocos-log4cpp.dir\relwithdebinfo\fileappender.obj
c:\dev\log4cpp\log4cpp\orocos-log4cpp.dir\relwithdebinfo\layoutappender.obj
c:\dev\log4cpp\log4cpp\orocos-log4cpp.dir\relwithdebinfo\triggeringeventevaluatorfactory.obj
c:\dev\log4cpp\log4cpp\orocos-log4cpp.dir\relwithdebinfo\passthroughlayout.obj
c:\dev\log4cpp\log4cpp\orocos-log4cpp.dir\relwithdebinfo\localtime.obj
c:\dev\log4cpp\log4cpp\orocos-log4cpp.dir\relwithdebinfo\levelevaluator.obj
c:\dev\log4cpp\log4cpp\orocos-log4cpp.dir\relwithdebinfo\layoutsfactory.obj
c:\dev\log4cpp\log4cpp\orocos-log4cpp.dir\relwithdebinfo\factoryparams.obj
c:\dev\log4cpp\log4cpp\orocos-log4cpp.dir\relwithdebinfo\bufferingappender.obj
c:\dev\log4cpp\log4cpp\orocos-log4cpp.dir\relwithdebinfo\appendersfactory.obj
c:\dev\log4cpp\log4cpp\orocos-log4cpp.dir\relwithdebinfo\appenderskeleton.obj
c:\dev\log4cpp\log4cpp\orocos-log4cpp.dir\relwithdebinfo\appender.obj
c:\dev\log4cpp\log4cpp\orocos-log4cpp.dir\relwithdebinfo\win32debugappender.obj
c:\dev\log4cpp\log4cpp\orocos-log4cpp.dir\relwithdebinfo\properties.obj
c:\dev\log4cpp\log4cpp\orocos-log4cpp.dir\relwithdebinfo\stringutil.obj
c:\dev\log4cpp\log4cpp\orocos-log4cpp.dir\relwithdebinfo\timestamp.obj
c:\dev\log4cpp\log4cpp\orocos-log4cpp.dir\relwithdebinfo\filter.obj
c:\dev\log4cpp\log4cpp\orocos-log4cpp.dir\relwithdebinfo\ndc.obj
c:\dev\log4cpp\log4cpp\orocos-log4cpp.dir\relwithdebinfo\priority.obj
c:\dev\log4cpp\log4cpp\orocos-log4cpp.dir\relwithdebinfo\loggingevent.obj
c:\dev\log4cpp\log4cpp\orocos-log4cpp.dir\relwithdebinfo\propertyconfiguratorimpl.obj
c:\dev\log4cpp\log4cpp\orocos-log4cpp.dir\relwithdebinfo\propertyconfigurator.obj
c:\dev\log4cpp\log4cpp\orocos-log4cpp.dir\relwithdebinfo\simpleconfigurator.obj
c:\dev\log4cpp\log4cpp\orocos-log4cpp.dir\relwithdebinfo\basicconfigurator.obj
c:\dev\log4cpp\log4cpp\orocos-log4cpp.dir\relwithdebinfo\configurator.obj
c:\dev\log4cpp\log4cpp\orocos-log4cpp.dir\relwithdebinfo\hierarchymaintainer.obj
c:\dev\log4cpp\log4cpp\orocos-log4cpp.dir\relwithdebinfo\categorystream.obj
c:\dev\log4cpp\log4cpp\orocos-log4cpp.dir\relwithdebinfo\category.obj
c:\dev\log4cpp\log4cpp\orocos-log4cpp.dir\relwithdebinfo\patternlayout.obj
c:\dev\log4cpp\log4cpp\orocos-log4cpp.dir\relwithdebinfo\basiclayout.obj
c:\dev\log4cpp\log4cpp\orocos-log4cpp.dir\relwithdebinfo\simplelayout.obj
c:\dev\log4cpp\log4cpp\orocos-log4cpp.dir\relwithdebinfo\remotesyslogappender.obj
c:\dev\log4cpp\log4cpp\orocos-log4cpp.dir\relwithdebinfo\abortappender.obj
c:\dev\log4cpp\log4cpp\orocos-log4cpp.dir\relwithdebinfo\portabilityimpl.obj
c:\dev\log4cpp\log4cpp\orocos-log4cpp.dir\relwithdebinfo\pthreads.obj
c:\dev\log4cpp\log4cpp\orocos-log4cpp.dir\relwithdebinfo\omnithreads.obj
c:\dev\log4cpp\log4cpp\orocos-log4cpp.dir\relwithdebinfo\msthreads.obj
c:\dev\log4cpp\log4cpp\orocos-log4cpp.dir\relwithdebinfo\dummythreads.obj
c:\dev\log4cpp\log4cpp\orocos-log4cpp.dir\relwithdebinfo\dllmain.obj
c:\dev\log4cpp\log4cpp\orocos-log4cpp.dir\relwithdebinfo\nteventlogappender.obj
c:\dev\log4cpp\log4cpp\cmakefiles\generate.stamp
c:\dev\log4cpp\log4cpp\orocos-log4cpp.dir\relwithdebinfo\orocos-log4cpp.ilk
c:\dev\log4cpp\log4cpp\relwithdebinfo\orocos-log4cpp.dll
c:\dev\log4cpp\log4cpp\relwithdebinfo\orocos-log4cpp.pdb
c:\dev\log4cpp\log4cpp\relwithdebinfo\orocos-log4cpp.lib
c:\dev\log4cpp\log4cpp\relwithdebinfo\orocos-log4cpp.exp
c:\dev\log4cpp\log4cpp\orocos-log4cpp.dir\relwithdebinfo\orocos-log4cpp.tlog\cl.command.1.tlog
c:\dev\log4cpp\log4cpp\orocos-log4cpp.dir\relwithdebinfo\orocos-log4cpp.tlog\cl.read.1.tlog
c:\dev\log4cpp\log4cpp\orocos-log4cpp.dir\relwithdebinfo\orocos-log4cpp.tlog\cl.write.1.tlog
c:\dev\log4cpp\log4cpp\orocos-log4cpp.dir\relwithdebinfo\orocos-log4cpp.tlog\custombuild.command.1.tlog
c:\dev\log4cpp\log4cpp\orocos-log4cpp.dir\relwithdebinfo\orocos-log4cpp.tlog\custombuild.read.1.tlog
c:\dev\log4cpp\log4cpp\orocos-log4cpp.dir\relwithdebinfo\orocos-log4cpp.tlog\custombuild.write.1.tlog
c:\dev\log4cpp\log4cpp\orocos-log4cpp.dir\relwithdebinfo\orocos-log4cpp.tlog\link.command.1.tlog
c:\dev\log4cpp\log4cpp\orocos-log4cpp.dir\relwithdebinfo\orocos-log4cpp.tlog\link.read.1.tlog
c:\dev\log4cpp\log4cpp\orocos-log4cpp.dir\relwithdebinfo\orocos-log4cpp.tlog\link.write.1.tlog
c:\dev\log4cpp\log4cpp\orocos-log4cpp.dir\relwithdebinfo\orocos-log4cpp.tlog\orocos-log4cpp.write.1u.tlog
